[0m20:01:50.764259 [debug] [MainThread]: Sending event: {'category': 'dbt', 'action': 'invocation', 'label': 'start', 'context': [<snowplow_tracker.self_describing_json.SelfDescribingJson object at 0x0000027045464440>, <snowplow_tracker.self_describing_json.SelfDescribingJson object at 0x0000027040D73110>, <snowplow_tracker.self_describing_json.SelfDescribingJson object at 0x000002704724FD90>]}


============================== 20:01:50.768833 | 8efb749b-ec3f-4a39-a390-bc86fa00bb4c ==============================
[0m20:01:50.768833 [info ] [MainThread]: Running with dbt=1.11.2
[0m20:01:50.769409 [debug] [MainThread]: running dbt with arguments {'version_check': 'True', 'no_print': 'None', 'static_parser': 'True', 'warn_error_options': 'WarnErrorOptionsV2(error=[], warn=[], silence=[])', 'target_path': 'None', 'printer_width': '80', 'write_json': 'True', 'introspect': 'True', 'log_cache_events': 'False', 'empty': 'None', 'cache_selected_only': 'False', 'log_format': 'default', 'debug': 'False', 'fail_fast': 'False', 'partial_parse': 'True', 'send_anonymous_usage_stats': 'True', 'quiet': 'False', 'warn_error': 'None', 'profiles_dir': 'C:\\Users\\guilh\\.dbt', 'indirect_selection': 'eager', 'use_colors': 'True', 'invocation_command': 'dbt init analise_mercado_dados', 'use_experimental_parser': 'False', 'log_path': 'logs'}
[0m20:01:50.785165 [info ] [MainThread]: Creating dbt configuration folder at C:\Users\guilh\.dbt
[0m20:01:50.787046 [debug] [MainThread]: Starter project path: C:\Users\guilh\AppData\Local\Programs\Python\Python313\Lib\site-packages\dbt\include\starter_project
[0m20:01:50.808403 [info ] [MainThread]: 
Your new dbt project "analise_mercado_dados" was created!

For more information on how to configure the profiles.yml file,
please consult the dbt documentation here:

  https://docs.getdbt.com/docs/configure-your-profile

One more thing:

Need help? Don't hesitate to reach out to us via GitHub issues or on Slack:

  https://community.getdbt.com/

Happy modeling!

[0m20:01:50.808925 [info ] [MainThread]: Setting up your profile.
[0m20:02:18.479729 [debug] [MainThread]: Snowflake adapter: Setting snowflake.connector to ERROR (file logging only)
[0m20:02:18.480145 [debug] [MainThread]: Snowflake adapter: Setting botocore to ERROR (file logging only)
[0m20:02:18.480420 [debug] [MainThread]: Snowflake adapter: Setting boto3 to ERROR (file logging only)
[0m20:07:15.760213 [info ] [MainThread]: Profile analise_mercado_dados written to C:\Users\guilh\.dbt\profiles.yml using target's profile_template.yml and your supplied values. Run 'dbt debug' to validate the connection.
[0m20:07:15.761520 [debug] [MainThread]: Command `dbt init` succeeded at 20:07:15.761386 after 325.10 seconds
[0m20:07:15.761846 [debug] [MainThread]: Sending event: {'category': 'dbt', 'action': 'invocation', 'label': 'end', 'context': [<snowplow_tracker.self_describing_json.SelfDescribingJson object at 0x00000270685CF230>, <snowplow_tracker.self_describing_json.SelfDescribingJson object at 0x0000027067DDE330>, <snowplow_tracker.self_describing_json.SelfDescribingJson object at 0x00000270685B2030>]}
[0m20:07:15.762162 [debug] [MainThread]: Flushing usage events
[0m20:07:16.691754 [debug] [MainThread]: An error was encountered while trying to flush usage events
[0m20:07:52.670101 [debug] [MainThread]: Sending event: {'category': 'dbt', 'action': 'invocation', 'label': 'start', 'context': [<snowplow_tracker.self_describing_json.SelfDescribingJson object at 0x000001C166790440>, <snowplow_tracker.self_describing_json.SelfDescribingJson object at 0x000001C162123110>, <snowplow_tracker.self_describing_json.SelfDescribingJson object at 0x000001C168607C50>]}


============================== 20:07:52.674087 | bc1e96e4-76af-4328-8a15-43b5960ec5b0 ==============================
[0m20:07:52.674087 [info ] [MainThread]: Running with dbt=1.11.2
[0m20:07:52.674586 [debug] [MainThread]: running dbt with arguments {'static_parser': 'True', 'no_print': 'None', 'version_check': 'True', 'warn_error_options': 'WarnErrorOptionsV2(error=[], warn=[], silence=[])', 'target_path': 'None', 'printer_width': '80', 'write_json': 'True', 'empty': 'None', 'log_cache_events': 'False', 'introspect': 'True', 'cache_selected_only': 'False', 'log_format': 'default', 'debug': 'False', 'fail_fast': 'False', 'partial_parse': 'True', 'send_anonymous_usage_stats': 'True', 'quiet': 'False', 'warn_error': 'None', 'profiles_dir': 'C:\\Users\\guilh\\.dbt', 'indirect_selection': 'eager', 'invocation_command': 'dbt debug', 'use_colors': 'True', 'use_experimental_parser': 'False', 'log_path': 'logs'}
[0m20:07:52.689385 [info ] [MainThread]: dbt version: 1.11.2
[0m20:07:52.689761 [info ] [MainThread]: python version: 3.13.2
[0m20:07:52.690036 [info ] [MainThread]: python path: C:\Users\guilh\AppData\Local\Programs\Python\Python313\python.exe
[0m20:07:52.690292 [info ] [MainThread]: os info: Windows-11-10.0.26200-SP0
[0m20:07:53.349788 [debug] [MainThread]: Snowflake adapter: Setting snowflake.connector to ERROR (file logging only)
[0m20:07:53.350162 [debug] [MainThread]: Snowflake adapter: Setting botocore to ERROR (file logging only)
[0m20:07:53.350413 [debug] [MainThread]: Snowflake adapter: Setting boto3 to ERROR (file logging only)
[0m20:07:53.409916 [info ] [MainThread]: Using profiles dir at C:\Users\guilh\.dbt
[0m20:07:53.410517 [info ] [MainThread]: Using profiles.yml file at C:\Users\guilh\.dbt\profiles.yml
[0m20:07:53.410947 [info ] [MainThread]: Using dbt_project.yml file at C:\Users\guilh\Área de Trabalho\github\Analise-Mercado-de-Dados\dbt_project.yml
[0m20:07:53.412224 [info ] [MainThread]: adapter type: snowflake
[0m20:07:53.412715 [info ] [MainThread]: adapter version: 1.11.0
[0m20:07:53.413085 [info ] [MainThread]: Configuration:
[0m20:07:53.413429 [info ] [MainThread]:   profiles.yml file [[32mOK found and valid[0m]
[0m20:07:53.413773 [info ] [MainThread]:   dbt_project.yml file [[31mERROR not found[0m]
[0m20:07:53.414018 [info ] [MainThread]: Required dependencies:
[0m20:07:53.414300 [debug] [MainThread]: Executing "git --help"
[0m20:07:53.442853 [debug] [MainThread]: STDOUT: "b"usage: git [-v | --version] [-h | --help] [-C <path>] [-c <name>=<value>]\n           [--exec-path[=<path>]] [--html-path] [--man-path] [--info-path]\n           [-p | --paginate | -P | --no-pager] [--no-replace-objects] [--bare]\n           [--git-dir=<path>] [--work-tree=<path>] [--namespace=<name>]\n           [--config-env=<name>=<envvar>] <command> [<args>]\n\nThese are common Git commands used in various situations:\n\nstart a working area (see also: git help tutorial)\n   clone     Clone a repository into a new directory\n   init      Create an empty Git repository or reinitialize an existing one\n\nwork on the current change (see also: git help everyday)\n   add       Add file contents to the index\n   mv        Move or rename a file, a directory, or a symlink\n   restore   Restore working tree files\n   rm        Remove files from the working tree and from the index\n\nexamine the history and state (see also: git help revisions)\n   bisect    Use binary search to find the commit that introduced a bug\n   diff      Show changes between commits, commit and working tree, etc\n   grep      Print lines matching a pattern\n   log       Show commit logs\n   show      Show various types of objects\n   status    Show the working tree status\n\ngrow, mark and tweak your common history\n   branch    List, create, or delete branches\n   commit    Record changes to the repository\n   merge     Join two or more development histories together\n   rebase    Reapply commits on top of another base tip\n   reset     Reset current HEAD to the specified state\n   switch    Switch branches\n   tag       Create, list, delete or verify a tag object signed with GPG\n\ncollaborate (see also: git help workflows)\n   fetch     Download objects and refs from another repository\n   pull      Fetch from and integrate with another repository or a local branch\n   push      Update remote refs along with associated objects\n\n'git help -a' and 'git help -g' list available subcommands and some\nconcept guides. See 'git help <command>' or 'git help <concept>'\nto read about a specific subcommand or concept.\nSee 'git help git' for an overview of the system.\n""
[0m20:07:53.443269 [debug] [MainThread]: STDERR: "b''"
[0m20:07:53.443687 [info ] [MainThread]:  - git [[32mOK found[0m]

[0m20:07:53.444065 [info ] [MainThread]: Connection:
[0m20:07:53.444325 [info ] [MainThread]:   account: KDBKQEA-GK51114
[0m20:07:53.444554 [info ] [MainThread]:   user: gyamada22
[0m20:07:53.444764 [info ] [MainThread]:   database: ANALISE_MERCADO_DADOS
[0m20:07:53.444972 [info ] [MainThread]:   warehouse: COMPUTE_WH
[0m20:07:53.445195 [info ] [MainThread]:   role: ACCOUNTADMIN
[0m20:07:53.445400 [info ] [MainThread]:   schema: GOLD
[0m20:07:53.445622 [info ] [MainThread]:   authenticator: None
[0m20:07:53.445818 [info ] [MainThread]:   oauth_client_id: None
[0m20:07:53.446010 [info ] [MainThread]:   query_tag: None
[0m20:07:53.446205 [info ] [MainThread]:   client_session_keep_alive: False
[0m20:07:53.446404 [info ] [MainThread]:   host: None
[0m20:07:53.446661 [info ] [MainThread]:   port: None
[0m20:07:53.446920 [info ] [MainThread]:   proxy_host: None
[0m20:07:53.447139 [info ] [MainThread]:   proxy_port: None
[0m20:07:53.447341 [info ] [MainThread]:   protocol: None
[0m20:07:53.447535 [info ] [MainThread]:   connect_retries: 1
[0m20:07:53.447751 [info ] [MainThread]:   connect_timeout: None
[0m20:07:53.447945 [info ] [MainThread]:   retry_on_database_errors: False
[0m20:07:53.448139 [info ] [MainThread]:   retry_all: False
[0m20:07:53.448331 [info ] [MainThread]:   insecure_mode: False
[0m20:07:53.448521 [info ] [MainThread]:   reuse_connections: True
[0m20:07:53.448716 [info ] [MainThread]:   s3_stage_vpce_dns_name: None
[0m20:07:53.448911 [info ] [MainThread]:   platform_detection_timeout_seconds: 0.0
[0m20:07:53.449298 [info ] [MainThread]: Registered adapter: snowflake=1.11.0
[0m20:07:53.772561 [debug] [MainThread]: Acquiring new snowflake connection 'debug'
[0m20:07:55.717856 [debug] [MainThread]: Using snowflake connection "debug"
[0m20:07:55.718161 [debug] [MainThread]: On debug: select 1 as id
[0m20:07:55.718358 [debug] [MainThread]: Opening a new connection, currently in state init
[0m20:07:56.630984 [debug] [MainThread]: Snowflake adapter: Error running SQL: select 1 as id
[0m20:07:56.631556 [debug] [MainThread]: Snowflake adapter: Rolling back transaction.
[0m20:07:56.632050 [info ] [MainThread]:   Connection test: [[31mERROR[0m]

[0m20:07:56.632583 [info ] [MainThread]: [31m2 checks failed:[0m
[0m20:07:56.632957 [info ] [MainThread]: Project loading failed for the following reason:
 project path <C:\Users\guilh\Área de Trabalho\github\Analise-Mercado-de-Dados\dbt_project.yml> not found

[0m20:07:56.633388 [info ] [MainThread]: dbt was unable to connect to the specified database.
The database returned the following error:

  >Database Error
  250001 (08001): Failed to connect to DB: KDBKQEA-GK51114.snowflakecomputing.com:443. Incorrect username or password was specified.

Check your database credentials and try again. For more information, visit:
https://docs.getdbt.com/docs/configure-your-profile


[0m20:07:56.634210 [debug] [MainThread]: Command `dbt debug` failed at 20:07:56.634116 after 4.07 seconds
[0m20:07:56.634457 [debug] [MainThread]: Connection 'debug' was left open.
[0m20:07:56.634677 [debug] [MainThread]: On debug: No close available on handle
[0m20:07:56.634897 [debug] [MainThread]: Sending event: {'category': 'dbt', 'action': 'invocation', 'label': 'end', 'context': [<snowplow_tracker.self_describing_json.SelfDescribingJson object at 0x000001C109AA5A70>, <snowplow_tracker.self_describing_json.SelfDescribingJson object at 0x000001C109BA2210>, <snowplow_tracker.self_describing_json.SelfDescribingJson object at 0x000001C1099BE690>]}
[0m20:07:56.635209 [debug] [MainThread]: Flushing usage events
[0m20:07:57.511125 [debug] [MainThread]: An error was encountered while trying to flush usage events
